C:\Users\sanjeev.nair\documents\visual studio 2015\Projects\TnTManagement\TnTManagement.UI\src\app\_models\alert.js
C:\Users\sanjeev.nair\documents\visual studio 2015\Projects\TnTManagement\TnTManagement.UI\src\app\_models\alert.js.map
C:\Users\sanjeev.nair\documents\visual studio 2015\Projects\TnTManagement\TnTManagement.UI\src\app\_models\user.js
C:\Users\sanjeev.nair\documents\visual studio 2015\Projects\TnTManagement\TnTManagement.UI\src\app\_models\user.js.map
C:\Users\sanjeev.nair\documents\visual studio 2015\Projects\TnTManagement\TnTManagement.UI\src\app\_models\userReturn.js
C:\Users\sanjeev.nair\documents\visual studio 2015\Projects\TnTManagement\TnTManagement.UI\src\app\_models\userReturn.js.map
C:\Users\sanjeev.nair\documents\visual studio 2015\Projects\TnTManagement\TnTManagement.UI\src\app\_models\resource.js
C:\Users\sanjeev.nair\documents\visual studio 2015\Projects\TnTManagement\TnTManagement.UI\src\app\_models\resource.js.map
C:\Users\sanjeev.nair\documents\visual studio 2015\Projects\TnTManagement\TnTManagement.UI\src\app\_models\project.js
C:\Users\sanjeev.nair\documents\visual studio 2015\Projects\TnTManagement\TnTManagement.UI\src\app\_models\project.js.map
C:\Users\sanjeev.nair\documents\visual studio 2015\Projects\TnTManagement\TnTManagement.UI\src\app\_models\tasks.js
C:\Users\sanjeev.nair\documents\visual studio 2015\Projects\TnTManagement\TnTManagement.UI\src\app\_models\tasks.js.map
C:\Users\sanjeev.nair\documents\visual studio 2015\Projects\TnTManagement\TnTManagement.UI\src\app\_models\index.js
C:\Users\sanjeev.nair\documents\visual studio 2015\Projects\TnTManagement\TnTManagement.UI\src\app\_models\index.js.map
C:\Users\sanjeev.nair\documents\visual studio 2015\Projects\TnTManagement\TnTManagement.UI\src\app\app.component.js
C:\Users\sanjeev.nair\documents\visual studio 2015\Projects\TnTManagement\TnTManagement.UI\src\app\app.component.js.map
C:\Users\sanjeev.nair\documents\visual studio 2015\Projects\TnTManagement\TnTManagement.UI\src\app\_helpers\urlHelper.component.js
C:\Users\sanjeev.nair\documents\visual studio 2015\Projects\TnTManagement\TnTManagement.UI\src\app\_helpers\urlHelper.component.js.map
C:\Users\sanjeev.nair\documents\visual studio 2015\Projects\TnTManagement\TnTManagement.UI\src\app\_helpers\jwt.interceptor.js
C:\Users\sanjeev.nair\documents\visual studio 2015\Projects\TnTManagement\TnTManagement.UI\src\app\_helpers\jwt.interceptor.js.map
C:\Users\sanjeev.nair\documents\visual studio 2015\Projects\TnTManagement\TnTManagement.UI\src\app\_helpers\fake-backend.js
C:\Users\sanjeev.nair\documents\visual studio 2015\Projects\TnTManagement\TnTManagement.UI\src\app\_helpers\fake-backend.js.map
C:\Users\sanjeev.nair\documents\visual studio 2015\Projects\TnTManagement\TnTManagement.UI\src\app\_helpers\jwtHelper.service.js
C:\Users\sanjeev.nair\documents\visual studio 2015\Projects\TnTManagement\TnTManagement.UI\src\app\_helpers\jwtHelper.service.js.map
C:\Users\sanjeev.nair\documents\visual studio 2015\Projects\TnTManagement\TnTManagement.UI\src\app\_helpers\index.js
C:\Users\sanjeev.nair\documents\visual studio 2015\Projects\TnTManagement\TnTManagement.UI\src\app\_helpers\index.js.map
C:\Users\sanjeev.nair\documents\visual studio 2015\Projects\TnTManagement\TnTManagement.UI\src\app\_services\authentication.service.js
C:\Users\sanjeev.nair\documents\visual studio 2015\Projects\TnTManagement\TnTManagement.UI\src\app\_services\authentication.service.js.map
C:\Users\sanjeev.nair\documents\visual studio 2015\Projects\TnTManagement\TnTManagement.UI\src\app\_services\alert.service.js
C:\Users\sanjeev.nair\documents\visual studio 2015\Projects\TnTManagement\TnTManagement.UI\src\app\_services\alert.service.js.map
C:\Users\sanjeev.nair\documents\visual studio 2015\Projects\TnTManagement\TnTManagement.UI\src\app\_services\user.service.js
C:\Users\sanjeev.nair\documents\visual studio 2015\Projects\TnTManagement\TnTManagement.UI\src\app\_services\user.service.js.map
C:\Users\sanjeev.nair\documents\visual studio 2015\Projects\TnTManagement\TnTManagement.UI\src\app\_services\project.service.js
C:\Users\sanjeev.nair\documents\visual studio 2015\Projects\TnTManagement\TnTManagement.UI\src\app\_services\project.service.js.map
C:\Users\sanjeev.nair\documents\visual studio 2015\Projects\TnTManagement\TnTManagement.UI\src\app\_services\task.service.js
C:\Users\sanjeev.nair\documents\visual studio 2015\Projects\TnTManagement\TnTManagement.UI\src\app\_services\task.service.js.map
C:\Users\sanjeev.nair\documents\visual studio 2015\Projects\TnTManagement\TnTManagement.UI\src\app\_services\index.js
C:\Users\sanjeev.nair\documents\visual studio 2015\Projects\TnTManagement\TnTManagement.UI\src\app\_services\index.js.map
C:\Users\sanjeev.nair\documents\visual studio 2015\Projects\TnTManagement\TnTManagement.UI\src\app\projectModule\projectList.component.js
C:\Users\sanjeev.nair\documents\visual studio 2015\Projects\TnTManagement\TnTManagement.UI\src\app\projectModule\projectList.component.js.map
C:\Users\sanjeev.nair\documents\visual studio 2015\Projects\TnTManagement\TnTManagement.UI\src\app\projectModule\poject-filter.pipe.js
C:\Users\sanjeev.nair\documents\visual studio 2015\Projects\TnTManagement\TnTManagement.UI\src\app\projectModule\poject-filter.pipe.js.map
C:\Users\sanjeev.nair\documents\visual studio 2015\Projects\TnTManagement\TnTManagement.UI\src\app\projectModule\project.module.js
C:\Users\sanjeev.nair\documents\visual studio 2015\Projects\TnTManagement\TnTManagement.UI\src\app\projectModule\project.module.js.map
C:\Users\sanjeev.nair\documents\visual studio 2015\Projects\TnTManagement\TnTManagement.UI\src\app\login\login.component.js
C:\Users\sanjeev.nair\documents\visual studio 2015\Projects\TnTManagement\TnTManagement.UI\src\app\login\login.component.js.map
C:\Users\sanjeev.nair\documents\visual studio 2015\Projects\TnTManagement\TnTManagement.UI\src\app\login\index.js
C:\Users\sanjeev.nair\documents\visual studio 2015\Projects\TnTManagement\TnTManagement.UI\src\app\login\index.js.map
C:\Users\sanjeev.nair\documents\visual studio 2015\Projects\TnTManagement\TnTManagement.UI\src\app\home\home.component.js
C:\Users\sanjeev.nair\documents\visual studio 2015\Projects\TnTManagement\TnTManagement.UI\src\app\home\home.component.js.map
C:\Users\sanjeev.nair\documents\visual studio 2015\Projects\TnTManagement\TnTManagement.UI\src\app\home\index.js
C:\Users\sanjeev.nair\documents\visual studio 2015\Projects\TnTManagement\TnTManagement.UI\src\app\home\index.js.map
C:\Users\sanjeev.nair\documents\visual studio 2015\Projects\TnTManagement\TnTManagement.UI\src\app\register\register.component.js
C:\Users\sanjeev.nair\documents\visual studio 2015\Projects\TnTManagement\TnTManagement.UI\src\app\register\register.component.js.map
C:\Users\sanjeev.nair\documents\visual studio 2015\Projects\TnTManagement\TnTManagement.UI\src\app\register\index.js
C:\Users\sanjeev.nair\documents\visual studio 2015\Projects\TnTManagement\TnTManagement.UI\src\app\register\index.js.map
C:\Users\sanjeev.nair\documents\visual studio 2015\Projects\TnTManagement\TnTManagement.UI\src\app\task\task.component.js
C:\Users\sanjeev.nair\documents\visual studio 2015\Projects\TnTManagement\TnTManagement.UI\src\app\task\task.component.js.map
C:\Users\sanjeev.nair\documents\visual studio 2015\Projects\TnTManagement\TnTManagement.UI\src\app\task\taskchild.component.js
C:\Users\sanjeev.nair\documents\visual studio 2015\Projects\TnTManagement\TnTManagement.UI\src\app\task\taskchild.component.js.map
C:\Users\sanjeev.nair\documents\visual studio 2015\Projects\TnTManagement\TnTManagement.UI\src\app\task\index.js
C:\Users\sanjeev.nair\documents\visual studio 2015\Projects\TnTManagement\TnTManagement.UI\src\app\task\index.js.map
C:\Users\sanjeev.nair\documents\visual studio 2015\Projects\TnTManagement\TnTManagement.UI\src\app\project\project.component.js
C:\Users\sanjeev.nair\documents\visual studio 2015\Projects\TnTManagement\TnTManagement.UI\src\app\project\project.component.js.map
C:\Users\sanjeev.nair\documents\visual studio 2015\Projects\TnTManagement\TnTManagement.UI\src\app\project\index.js
C:\Users\sanjeev.nair\documents\visual studio 2015\Projects\TnTManagement\TnTManagement.UI\src\app\project\index.js.map
C:\Users\sanjeev.nair\documents\visual studio 2015\Projects\TnTManagement\TnTManagement.UI\src\app\_guard\auth.guard.js
C:\Users\sanjeev.nair\documents\visual studio 2015\Projects\TnTManagement\TnTManagement.UI\src\app\_guard\auth.guard.js.map
C:\Users\sanjeev.nair\documents\visual studio 2015\Projects\TnTManagement\TnTManagement.UI\src\app\_guard\index.js
C:\Users\sanjeev.nair\documents\visual studio 2015\Projects\TnTManagement\TnTManagement.UI\src\app\_guard\index.js.map
C:\Users\sanjeev.nair\documents\visual studio 2015\Projects\TnTManagement\TnTManagement.UI\src\app\app.routing.js
C:\Users\sanjeev.nair\documents\visual studio 2015\Projects\TnTManagement\TnTManagement.UI\src\app\app.routing.js.map
C:\Users\sanjeev.nair\documents\visual studio 2015\Projects\TnTManagement\TnTManagement.UI\src\app\_directives\equal-validator.directive.js
C:\Users\sanjeev.nair\documents\visual studio 2015\Projects\TnTManagement\TnTManagement.UI\src\app\_directives\equal-validator.directive.js.map
C:\Users\sanjeev.nair\documents\visual studio 2015\Projects\TnTManagement\TnTManagement.UI\src\app\_directives\alert.component.js
C:\Users\sanjeev.nair\documents\visual studio 2015\Projects\TnTManagement\TnTManagement.UI\src\app\_directives\alert.component.js.map
C:\Users\sanjeev.nair\documents\visual studio 2015\Projects\TnTManagement\TnTManagement.UI\src\app\_directives\index.js
C:\Users\sanjeev.nair\documents\visual studio 2015\Projects\TnTManagement\TnTManagement.UI\src\app\_directives\index.js.map
C:\Users\sanjeev.nair\documents\visual studio 2015\Projects\TnTManagement\TnTManagement.UI\src\app\common\app-header\app-header.component.js
C:\Users\sanjeev.nair\documents\visual studio 2015\Projects\TnTManagement\TnTManagement.UI\src\app\common\app-header\app-header.component.js.map
C:\Users\sanjeev.nair\documents\visual studio 2015\Projects\TnTManagement\TnTManagement.UI\src\app\app.module.js
C:\Users\sanjeev.nair\documents\visual studio 2015\Projects\TnTManagement\TnTManagement.UI\src\app\app.module.js.map
C:\Users\sanjeev.nair\documents\visual studio 2015\Projects\TnTManagement\TnTManagement.UI\src\main.js
C:\Users\sanjeev.nair\documents\visual studio 2015\Projects\TnTManagement\TnTManagement.UI\src\main.js.map
C:\Users\sanjeev.nair\documents\visual studio 2015\Projects\TnTManagement\TnTManagement.UI\src\app\app.component.spec.js
C:\Users\sanjeev.nair\documents\visual studio 2015\Projects\TnTManagement\TnTManagement.UI\src\app\app.component.spec.js.map
C:\Users\sanjeev.nair\documents\visual studio 2015\Projects\TnTManagement\TnTManagement.UI\src\app\_interface\index.js
C:\Users\sanjeev.nair\documents\visual studio 2015\Projects\TnTManagement\TnTManagement.UI\src\app\_interface\index.js.map
C:\Users\sanjeev.nair\documents\visual studio 2015\Projects\TnTManagement\TnTManagement.UI\src\app\_interface\task.interface.js
C:\Users\sanjeev.nair\documents\visual studio 2015\Projects\TnTManagement\TnTManagement.UI\src\app\_interface\task.interface.js.map
